<?xml version="1.0" encoding="UTF-8"?>
<testng-results skipped="0" failed="0" ignored="0" total="1" passed="1">
  <reporter-output>
  </reporter-output>
  <suite name="Suite" duration-ms="6453" started-at="2020-05-09T06:59:09Z" finished-at="2020-05-09T06:59:15Z">
    <groups>
    </groups>
    <test name="Test1" duration-ms="6453" started-at="2020-05-09T06:59:09Z" finished-at="2020-05-09T06:59:15Z">
      <class name="DataParameterization.TestNGDataParamXML">
        <test-method status="PASS" signature="initilize()[pri:0, instance:DataParameterization.TestNGDataParamXML@4c70fda8]" name="initilize" is-config="true" duration-ms="6917" started-at="2020-05-09T12:29:02Z" finished-at="2020-05-09T12:29:09Z">
          <reporter-output>
          </reporter-output>
        </test-method> <!-- initilize -->
        <test-method status="PASS" signature="TestNG_Param1(java.lang.String, java.lang.String)[pri:2, instance:DataParameterization.TestNGDataParamXML@4c70fda8]" name="TestNG_Param1" duration-ms="6410" started-at="2020-05-09T12:29:09Z" finished-at="2020-05-09T12:29:15Z">
          <params>
            <param index="0">
              <value>
                <![CDATA[IamOptional]]>
              </value>
            </param>
            <param index="1">
              <value>
                <![CDATA[PRATH@123]]>
              </value>
            </param>
          </params>
          <reporter-output>
          </reporter-output>
        </test-method> <!-- TestNG_Param1 -->
      </class> <!-- DataParameterization.TestNGDataParamXML -->
    </test> <!-- Test1 -->
  </suite> <!-- Suite -->
</testng-results>
